# JRE version: Java(TM) SE Runtime Environment (9.0+11) (build 9.0.4+11)
# Java VM: Java HotSpot(TM) 64-Bit Server VM (9.0.4+11, mixed mode, tiered, compressed oops, g1 gc, windows-amd64)
Heap:
 garbage-first heap   total 345088K, used 191316K [0x0000000700000000, 0x0000000700100a88, 0x00000007c0000000)
  region size 1024K, 38 young (38912K), 4 survivors (4096K)
 Metaspace       used 100099K, capacity 103235K, committed 107776K, reserved 1140736K
  class space    used 14078K, capacity 14688K, committed 15616K, reserved 1048576K
GC Heap History (10 events):
Event: 20920.157 GC heap before
{Heap before GC invocations=813 (full 15):
 garbage-first heap   total 345088K, used 212751K [0x0000000700000000, 0x0000000700100a88, 0x00000007c0000000)
  region size 1024K, 60 young (61440K), 6 survivors (6144K)
 Metaspace       used 100086K, capacity 103171K, committed 107520K, reserved 1140736K
  class space    used 14078K, capacity 14688K, committed 15616K, reserved 1048576K
}
Event: 20920.160 GC heap after
{Heap after GC invocations=814 (full 15):
 garbage-first heap   total 345088K, used 157624K [0x0000000700000000, 0x0000000700100a88, 0x00000007c0000000)
  region size 1024K, 5 young (5120K), 5 survivors (5120K)
 Metaspace       used 100086K, capacity 103171K, committed 107520K, reserved 1140736K
  class space    used 14078K, capacity 14688K, committed 15616K, reserved 1048576K
}
Event: 20921.584 GC heap before
{Heap before GC invocations=814 (full 15):
 garbage-first heap   total 345088K, used 213944K [0x0000000700000000, 0x0000000700100a88, 0x00000007c0000000)
  region size 1024K, 60 young (61440K), 5 survivors (5120K)
 Metaspace       used 100086K, capacity 103171K, committed 107520K, reserved 1140736K
  class space    used 14078K, capacity 14688K, committed 15616K, reserved 1048576K
}
Event: 20921.587 GC heap after
{Heap after GC invocations=815 (full 15):
 garbage-first heap   total 345088K, used 157428K [0x0000000700000000, 0x0000000700100a88, 0x00000007c0000000)
  region size 1024K, 5 young (5120K), 5 survivors (5120K)
 Metaspace       used 100086K, capacity 103171K, committed 107520K, reserved 1140736K
  class space    used 14078K, capacity 14688K, committed 15616K, reserved 1048576K
}
Event: 20926.412 GC heap before
{Heap before GC invocations=815 (full 15):
 garbage-first heap   total 345088K, used 213748K [0x0000000700000000, 0x0000000700100a88, 0x00000007c0000000)
  region size 1024K, 60 young (61440K), 5 survivors (5120K)
 Metaspace       used 100087K, capacity 103171K, committed 107520K, reserved 1140736K
  class space    used 14078K, capacity 14688K, committed 15616K, reserved 1048576K
}
Event: 20926.416 GC heap after
{Heap after GC invocations=816 (full 15):
 garbage-first heap   total 345088K, used 157428K [0x0000000700000000, 0x0000000700100a88, 0x00000007c0000000)
  region size 1024K, 5 young (5120K), 5 survivors (5120K)
 Metaspace       used 100087K, capacity 103171K, committed 107520K, reserved 1140736K
  class space    used 14078K, capacity 14688K, committed 15616K, reserved 1048576K
}
Event: 20939.843 GC heap before
{Heap before GC invocations=816 (full 15):
 garbage-first heap   total 345088K, used 213748K [0x0000000700000000, 0x0000000700100a88, 0x00000007c0000000)
  region size 1024K, 60 young (61440K), 5 survivors (5120K)
 Metaspace       used 100091K, capacity 103235K, committed 107776K, reserved 1140736K
  class space    used 14078K, capacity 14688K, committed 15616K, reserved 1048576K
}
Event: 20939.846 GC heap after
{Heap after GC invocations=817 (full 15):
 garbage-first heap   total 345088K, used 157548K [0x0000000700000000, 0x0000000700100a88, 0x00000007c0000000)
  region size 1024K, 5 young (5120K), 5 survivors (5120K)
 Metaspace       used 100091K, capacity 103235K, committed 107776K, reserved 1140736K
  class space    used 14078K, capacity 14688K, committed 15616K, reserved 1048576K
}
Event: 20942.147 GC heap before
{Heap before GC invocations=817 (full 15):
 garbage-first heap   total 345088K, used 213868K [0x0000000700000000, 0x0000000700100a88, 0x00000007c0000000)
  region size 1024K, 60 young (61440K), 5 survivors (5120K)
 Metaspace       used 100091K, capacity 103235K, committed 107776K, reserved 1140736K
  class space    used 14078K, capacity 14688K, committed 15616K, reserved 1048576K
}
Event: 20942.150 GC heap after
{Heap after GC invocations=818 (full 15):
 garbage-first heap   total 345088K, used 157524K [0x0000000700000000, 0x0000000700100a88, 0x00000007c0000000)
  region size 1024K, 4 young (4096K), 4 survivors (4096K)
 Metaspace       used 100091K, capacity 103235K, committed 107776K, reserved 1140736K
  class space    used 14078K, capacity 14688K, committed 15616K, reserved 1048576K
}

